Opening /home/libonati/Documents/dataset_rosariov2/2023-12-22-13-14-16_ros2/converted/converted_0.mcap for sequential streaming
2026-06-23T14:38:02.011498Z  INFO re_perf_telemetry::telemetry: Telemetry initialized enabled=false service=rerun trace_mode="off" traces=off logs=off metrics=off tracy=false
MESA-INTEL: warning: Haswell Vulkan support is incomplete
2026-06-23T14:38:04.152720Z  INFO re_grpc_server: Listening for gRPC connections on 0.0.0.0:9876. Connect by running `rerun --connect rerun+http://127.0.0.1:9876/proxy`

Streamed 5000 messages... (9.21s elapsed)
Streamed 10000 messages... (16.49s elapsed)
2026-06-23T14:38:22.620291Z  INFO re_viewer::app: Reached memory limit of 954 MiB. Freeing up data…

2026-06-23T14:38:22.632158Z  WARN re_viewer::app: Very little memory budget left for prefetching recordings.

Streamed 15000 messages... (23.55s elapsed)
2026-06-23T14:38:30.762461Z  INFO re_grpc_server: Exceeded gRPC proxy server memory limit (1.0 GiB). Dropping the oldest log messages. Clients connecting after this will not see the full history.

Streamed 20000 messages... (30.70s elapsed)
Streamed 25000 messages... (37.94s elapsed)
Opening /home/libonati/Documents/dataset_rosariov2/2023-12-22-13-14-16_ros2/converted/converted_0.mcap for sequential streaming
2026-06-23T14:46:21.269824Z  INFO re_perf_telemetry::telemetry: Telemetry initialized enabled=false service=rerun trace_mode="off" traces=off logs=off metrics=off tracy=false
MESA-INTEL: warning: Haswell Vulkan support is incomplete
2026-06-23T14:46:21.375755Z  INFO re_grpc_server: Listening for gRPC connections on 0.0.0.0:9876. Connect by running `rerun --connect rerun+http://127.0.0.1:9876/proxy`

Streamed 5000 messages... (7.19s elapsed)
Streamed 10000 messages... (13.01s elapsed)
Streamed 15000 messages... (18.31s elapsed)
Opening /home/libonati/Documents/dataset_rosariov2/2023-12-22-13-14-16_ros2/converted/converted_0.mcap for sequential streaming
2026-06-23T14:46:56.051731Z  INFO re_perf_telemetry::telemetry: Telemetry initialized enabled=false service=rerun trace_mode="off" traces=off logs=off metrics=off tracy=false
MESA-INTEL: warning: Haswell Vulkan support is incomplete
2026-06-23T14:46:56.160015Z  INFO re_grpc_server: Listening for gRPC connections on 0.0.0.0:9876. Connect by running `rerun --connect rerun+http://127.0.0.1:9876/proxy`

Streamed 5000 messages... (8.96s elapsed)
Streamed 10000 messages... (16.48s elapsed)
Streamed 15000 messages... (24.16s elapsed)
2026-06-23T14:47:23.321051Z  INFO re_grpc_server: Exceeded gRPC proxy server memory limit (1.0 GiB). Dropping the oldest log messages. Clients connecting after this will not see the full history.

Streamed 20000 messages... (32.48s elapsed)
Streamed 25000 messages... (47.70s elapsed)
